2024-07-18 22:18:16,972 ERROR: Exception on /recommendations [GET] [in C:\Users\Telsa\OneDrive\04 - SUMMER 24\SEO TECH COURSE\Project_3\Portfolio_Tracker\venv\Lib\site-packages\flask\app.py:1457]
Traceback (most recent call last):
  File "C:\Users\Telsa\OneDrive\04 - SUMMER 24\SEO TECH COURSE\Project_3\Portfolio_Tracker\venv\Lib\site-packages\flask\app.py", line 2073, in wsgi_app
    response = self.full_dispatch_request()
               ^^^^^^^^^^^^^^^^^^^^^^^^^^^^
  File "C:\Users\Telsa\OneDrive\04 - SUMMER 24\SEO TECH COURSE\Project_3\Portfolio_Tracker\venv\Lib\site-packages\flask\app.py", line 1518, in full_dispatch_request
    rv = self.handle_user_exception(e)
         ^^^^^^^^^^^^^^^^^^^^^^^^^^^^^
  File "C:\Users\Telsa\OneDrive\04 - SUMMER 24\SEO TECH COURSE\Project_3\Portfolio_Tracker\venv\Lib\site-packages\flask\app.py", line 1516, in full_dispatch_request
    rv = self.dispatch_request()
         ^^^^^^^^^^^^^^^^^^^^^^^
  File "C:\Users\Telsa\OneDrive\04 - SUMMER 24\SEO TECH COURSE\Project_3\Portfolio_Tracker\venv\Lib\site-packages\flask\app.py", line 1502, in dispatch_request
    return self.ensure_sync(self.view_functions[rule.endpoint])(**req.view_args)
           ^^^^^^^^^^^^^^^^^^^^^^^^^^^^^^^^^^^^^^^^^^^^^^^^^^^^^^^^^^^^^^^^^^^^^
  File "C:\Users\Telsa\OneDrive\04 - SUMMER 24\SEO TECH COURSE\Project_3\Portfolio_Tracker\venv\Lib\site-packages\flask_login\utils.py", line 272, in decorated_view
    return func(*args, **kwargs)
           ^^^^^^^^^^^^^^^^^^^^^
  File "C:\Users\Telsa\OneDrive\04 - SUMMER 24\SEO TECH COURSE\Project_3\Portfolio_Tracker\app.py", line 158, in recommendations
    return render_template('recommendations.html', title='Recommendations', recommendations=recommendations)
           ^^^^^^^^^^^^^^^^^^^^^^^^^^^^^^^^^^^^^^^^^^^^^^^^^^^^^^^^^^^^^^^^^^^^^^^^^^^^^^^^^^^^^^^^^^^^^^^^^
  File "C:\Users\Telsa\OneDrive\04 - SUMMER 24\SEO TECH COURSE\Project_3\Portfolio_Tracker\venv\Lib\site-packages\flask\templating.py", line 148, in render_template
    ctx.app.jinja_env.get_or_select_template(template_name_or_list),
    ^^^^^^^^^^^^^^^^^^^^^^^^^^^^^^^^^^^^^^^^^^^^^^^^^^^^^^^^^^^^^^^
  File "C:\Users\Telsa\OneDrive\04 - SUMMER 24\SEO TECH COURSE\Project_3\Portfolio_Tracker\venv\Lib\site-packages\jinja2\environment.py", line 1084, in get_or_select_template
    return self.get_template(template_name_or_list, parent, globals)
           ^^^^^^^^^^^^^^^^^^^^^^^^^^^^^^^^^^^^^^^^^^^^^^^^^^^^^^^^^
  File "C:\Users\Telsa\OneDrive\04 - SUMMER 24\SEO TECH COURSE\Project_3\Portfolio_Tracker\venv\Lib\site-packages\jinja2\environment.py", line 1013, in get_template
    return self._load_template(name, globals)
           ^^^^^^^^^^^^^^^^^^^^^^^^^^^^^^^^^^
  File "C:\Users\Telsa\OneDrive\04 - SUMMER 24\SEO TECH COURSE\Project_3\Portfolio_Tracker\venv\Lib\site-packages\jinja2\environment.py", line 972, in _load_template
    template = self.loader.load(self, name, self.make_globals(globals))
               ^^^^^^^^^^^^^^^^^^^^^^^^^^^^^^^^^^^^^^^^^^^^^^^^^^^^^^^^
  File "C:\Users\Telsa\OneDrive\04 - SUMMER 24\SEO TECH COURSE\Project_3\Portfolio_Tracker\venv\Lib\site-packages\jinja2\loaders.py", line 126, in load
    source, filename, uptodate = self.get_source(environment, name)
                                 ^^^^^^^^^^^^^^^^^^^^^^^^^^^^^^^^^^
  File "C:\Users\Telsa\OneDrive\04 - SUMMER 24\SEO TECH COURSE\Project_3\Portfolio_Tracker\venv\Lib\site-packages\flask\templating.py", line 59, in get_source
    return self._get_source_fast(environment, template)
           ^^^^^^^^^^^^^^^^^^^^^^^^^^^^^^^^^^^^^^^^^^^^
  File "C:\Users\Telsa\OneDrive\04 - SUMMER 24\SEO TECH COURSE\Project_3\Portfolio_Tracker\venv\Lib\site-packages\flask\templating.py", line 95, in _get_source_fast
    raise TemplateNotFound(template)
jinja2.exceptions.TemplateNotFound: recommendations.html
